Arguments: 
  /usr/local/Cellar/nvm/0.35.3/versions/node/v12.13.0/bin/node /usr/local/opt/nvm/versions/node/v12.13.0/bin/yarn

PATH: 
  /usr/local/opt/nvm/versions/node/v12.13.0/bin:/usr/local/mysql/bin:/usr/local/bin:/usr/bin:/bin:/usr/sbin:/sbin

Yarn version: 
  1.22.4

Node version: 
  12.13.0

Platform: 
  darwin x64

Trace: 
  Error: https://registry.yarnpkg.com/next: socket hang up
      at connResetException (internal/errors.js:570:14)
      at TLSSocket.socketOnEnd (_http_client.js:440:23)
      at TLSSocket.emit (events.js:215:7)
      at endReadableNT (_stream_readable.js:1183:12)
      at processTicksAndRejections (internal/process/task_queues.js:80:21)

npm manifest: 
  {
      "name": "one-palengke",
      "version": "1.1.0-canary.3",
      "main": "node_modules/expo/AppEntry.js",
      "scripts": {
          "start": "expo start",
          "android": "expo start --android",
          "ios": "expo start --ios",
          "web": "next dev",
          "eject": "expo eject",
          "test": "jest --watchAll",
          "build": "node ./scripts/build.js",
          "publish": "expo publish --release-channel",
          "release": "semantic-release"
      },
      "jest": {
          "preset": "jest-expo"
      },
      "dependencies": {
          "@emotion/core": "^10.0.28",
          "@emotion/native": "^10.0.27",
          "@expo/next-adapter": "^2.1.2",
          "@expo/vector-icons": "~10.0.6",
          "@react-native-community/masked-view": "0.1.6",
          "@react-navigation/bottom-tabs": "^5.2.8",
          "@react-navigation/native": "^5.0.0",
          "@react-navigation/stack": "^5.2.14",
          "@react-navigation/web": "~1.0.0-alpha.9",
          "apisauce": "^1.1.1",
          "emotion-theming": "^10.0.27",
          "expo": "~37.0.3",
          "expo-asset": "~8.1.3",
          "expo-constants": "~9.0.0",
          "expo-font": "~8.1.0",
          "expo-updates": "^0.1.2",
          "expo-web-browser": "~8.2.0",
          "formik": "^2.1.4",
          "next": "^9.3.5",
          "next-fonts": "^1.1.0",
          "next-images": "^1.4.0",
          "next-offline": "^5.0.1",
          "react": "~16.9.0",
          "react-dom": "~16.9.0",
          "react-native": "https://github.com/expo/react-native/archive/sdk-37.0.1.tar.gz",
          "react-native-appearance": "^0.3.4",
          "react-native-gesture-handler": "~1.6.0",
          "react-native-modal": "^11.5.6",
          "react-native-safe-area-context": "0.7.3",
          "react-native-screens": "~2.2.0",
          "react-native-web": "~0.11.7",
          "swr": "^0.2.0",
          "yup": "^0.28.5"
      },
      "devDependencies": {
          "@babel/core": "^7.8.6",
          "@semantic-release/commit-analyzer": "^8.0.1",
          "@semantic-release/git": "^9.0.0",
          "@semantic-release/npm": "^7.0.5",
          "@semantic-release/release-notes-generator": "^9.0.1",
          "babel-eslint": "^10.1.0",
          "babel-preset-expo": "^8.1.0",
          "dotenv": "^8.2.0",
          "eslint": "^6.8.0",
          "eslint-config-airbnb": "^18.1.0",
          "eslint-config-prettier": "^6.11.0",
          "eslint-config-standard": "^14.1.1",
          "eslint-plugin-import": "^2.20.2",
          "eslint-plugin-jsx-a11y": "^6.2.3",
          "eslint-plugin-node": "^11.1.0",
          "eslint-plugin-prettier": "^3.1.3",
          "eslint-plugin-promise": "^4.2.1",
          "eslint-plugin-react": "^7.19.0",
          "eslint-plugin-standard": "^4.0.1",
          "jest-expo": "~37.0.0",
          "prettier": "^2.0.5",
          "react-native-version": "^4.0.0",
          "semantic-release": "^17.0.7",
          "shelljs": "^0.8.4"
      },
      "private": true,
      "repository": {
          "type": "git",
          "url": "https://github.com/zinevy/one-palengke.git"
      },
      "publishConfig": {
          "access": "restricted"
      }
  }

yarn manifest: 
  No manifest

Lockfile: 
  No lockfile
